[INFO] Scanning for projects...
[INFO] 
[INFO] ---------< com.jeroenreijn:spring-comparing-template-engines >----------
[INFO] Building template-engines 0.7.0-SNAPSHOT
[INFO] --------------------------------[ war ]---------------------------------
[INFO] 
[INFO] >>> spring-boot-maven-plugin:2.4.5:run (default-cli) > test-compile @ spring-comparing-template-engines >>>
[INFO] 
[INFO] --- rocker-maven-plugin:1.2.1:generate (generate-rocker-templates) @ spring-comparing-template-engines ---
[INFO] Targeting java version 1.8
[INFO] Parsing 2 rocker template files
[INFO] Generated 2 rocker java source files
[INFO] Generated rocker configuration D:\Projects\spring-comparing-template-engines\target\classes\rocker-compiler.conf
[INFO] Added sources with D:\Projects\spring-comparing-template-engines\target\generated-sources\rocker
[INFO] 
[INFO] --- build-helper-maven-plugin:3.2.0:add-source (add-source) @ spring-comparing-template-engines ---
[INFO] Source directory: D:\Projects\spring-comparing-template-engines\target\generated-sources\rocker added.
[INFO] 
[INFO] --- kotlin-maven-plugin:1.5.0:compile (compile) @ spring-comparing-template-engines ---
[INFO] 
[INFO] --- maven-resources-plugin:3.2.0:resources (default-resources) @ spring-comparing-template-engines ---
[INFO] Using 'UTF-8' encoding to copy filtered resources.
[INFO] Using 'UTF-8' encoding to copy filtered properties files.
[INFO] Copying 1 resource
[INFO] Copying 21 resources
[INFO] 
[INFO] --- maven-compiler-plugin:3.8.1:compile (default-compile) @ spring-comparing-template-engines ---
[INFO] Changes detected - recompiling the module!
[INFO] Compiling 24 source files to D:\Projects\spring-comparing-template-engines\target\classes
[INFO] /D:/Projects/spring-comparing-template-engines/src/main/java/com/jeroenreijn/examples/view/KotlinxHtmlView.java: D:\Projects\spring-comparing-template-engines\src\main\java\com\jeroenreijn\examples\view\KotlinxHtmlView.java uses unchecked or unsafe operations.
[INFO] /D:/Projects/spring-comparing-template-engines/src/main/java/com/jeroenreijn/examples/view/KotlinxHtmlView.java: Recompile with -Xlint:unchecked for details.
[INFO] 
[INFO] --- maven-resources-plugin:3.2.0:testResources (default-testResources) @ spring-comparing-template-engines ---
[INFO] Using 'UTF-8' encoding to copy filtered resources.
[INFO] Using 'UTF-8' encoding to copy filtered properties files.
[INFO] skip non existing resourceDirectory D:\Projects\spring-comparing-template-engines\src\test\resources
[INFO] 
[INFO] --- maven-compiler-plugin:3.8.1:testCompile (default-testCompile) @ spring-comparing-template-engines ---
[INFO] Changes detected - recompiling the module!
[INFO] Compiling 1 source file to D:\Projects\spring-comparing-template-engines\target\test-classes
[INFO] 
[INFO] --- kotlin-maven-plugin:1.5.0:test-compile (test-compile) @ spring-comparing-template-engines ---
[WARNING] No sources found skipping Kotlin compile
[INFO] 
[INFO] <<< spring-boot-maven-plugin:2.4.5:run (default-cli) < test-compile @ spring-comparing-template-engines <<<
[INFO] 
[INFO] 
[INFO] --- spring-boot-maven-plugin:2.4.5:run (default-cli) @ spring-comparing-template-engines ---
[INFO] Attaching agents: []
OpenJDK 64-Bit Server VM warning: Option --illegal-access is deprecated and will be removed in a future release.

  .   ____          _            __ _ _
 /\\ / ___'_ __ _ _(_)_ __  __ _ \ \ \ \
( ( )\___ | '_ | '_| | '_ \/ _` | \ \ \ \
 \\/  ___)| |_)| | | | | || (_| |  ) ) ) )
  '  |____| .__|_| |_|_| |_\__, | / / / /
 =========|_|==============|___/=/_/_/_/
 :: Spring Boot ::                (v2.4.5)

2021-05-10 21:55:37.652  INFO 9400 --- [           main] com.jeroenreijn.examples.Launch          : Starting Launch using Java 16.0.1 on DESKTOP-NF90OD6 with PID 9400 (D:\Projects\spring-comparing-template-engines\target\classes started by ozkan in D:\Projects\spring-comparing-template-engines)
2021-05-10 21:55:37.654  INFO 9400 --- [           main] com.jeroenreijn.examples.Launch          : The following profiles are active: active
2021-05-10 21:55:37.860  WARN 9400 --- [kground-preinit] o.s.h.c.j.Jackson2ObjectMapperBuilder    : For Jackson Kotlin classes support please add "com.fasterxml.jackson.module:jackson-module-kotlin" to the classpath
2021-05-10 21:55:39.996  INFO 9400 --- [           main] o.s.b.w.embedded.tomcat.TomcatWebServer  : Tomcat initialized with port(s): 8080 (http)
2021-05-10 21:55:40.039  INFO 9400 --- [           main] o.apache.catalina.core.StandardService   : Starting service [Tomcat]
2021-05-10 21:55:40.040  INFO 9400 --- [           main] org.apache.catalina.core.StandardEngine  : Starting Servlet engine: [Apache Tomcat/9.0.45]
2021-05-10 21:55:42.020  INFO 9400 --- [           main] org.apache.jasper.servlet.TldScanner     : At least one JAR was scanned for TLDs yet contained no TLDs. Enable debug logging for this logger for a complete list of JARs that were scanned but no TLDs were found in them. Skipping unneeded JARs during scanning can improve startup time and JSP compilation time.
2021-05-10 21:55:42.046  INFO 9400 --- [           main] o.a.c.c.C.[Tomcat].[localhost].[/]       : Initializing Spring embedded WebApplicationContext
2021-05-10 21:55:42.046  INFO 9400 --- [           main] w.s.c.ServletWebServerApplicationContext : Root WebApplicationContext: initialization completed in 4065 ms
2021-05-10 21:55:42.162  WARN 9400 --- [           main] org.apache.velocity.deprecation          : configuration key 'resource.loader' has been deprecated in favor of 'resource.loaders'
2021-05-10 21:55:42.164  WARN 9400 --- [           main] org.apache.velocity.deprecation          : configuration key 'file.resource.loader.cache' has been deprecated in favor of 'resource.loader.file.cache'
2021-05-10 21:55:42.164  WARN 9400 --- [           main] org.apache.velocity.deprecation          : configuration key 'file.resource.loader.path' has been deprecated in favor of 'resource.loader.file.path'
2021-05-10 21:55:42.178  WARN 9400 --- [           main] org.apache.velocity.deprecation          : configuration key 'class.resource.loader.path' has been deprecated in favor of 'resource.loader.class.path'
2021-05-10 21:55:42.178  WARN 9400 --- [           main] org.apache.velocity.deprecation          : configuration key 'input.encoding' has been deprecated in favor of 'resource.default_encoding'
2021-05-10 21:55:42.178  WARN 9400 --- [           main] org.apache.velocity.deprecation          : configuration key 'class.resource.loader.class' has been deprecated in favor of 'resource.loader.class.class'
2021-05-10 21:55:42.178  WARN 9400 --- [           main] org.apache.velocity.deprecation          : configuration key 'velocimacro.library' has been deprecated in favor of 'velocimacro.library.path'
2021-05-10 21:55:42.178  WARN 9400 --- [           main] org.apache.velocity.deprecation          : configuration key 'class.resource.loader.cache' has been deprecated in favor of 'resource.loader.class.cache'
2021-05-10 21:55:42.179  WARN 9400 --- [           main] org.apache.velocity.deprecation          : configuration key 'springMacro.resource.loader.class' has been deprecated in favor of 'resource.loader.springMacro.class'
2021-05-10 21:55:42.179  INFO 9400 --- [           main] o.s.w.s.v.velocity.VelocityConfigurer    : ClasspathResourceLoader with name 'springMacro' added to configured VelocityEngine
2021-05-10 21:55:42.540  INFO 9400 --- [           main] c.a.b.v.t.AnnotatedVelocityToolsScanner  : AnnotatedVelocityToolsScanner scanned 0 velocity tools [[]] from sources[[]]
2021-05-10 21:55:42.569  INFO 9400 --- [           main] c.a.b.v.t.FactoryConfigurationLoader     : To find Toolbox Configuration[ context path : /templates/velocity/toolbox.xml ] under Servlet Context[ path : D:\Projects\spring-comparing-template-engines\src\main\webapp\templates\velocity\toolbox.xml] , result : not found !
2021-05-10 21:55:42.988  INFO 9400 --- [           main] c.a.b.v.t.FactoryConfigurationLoader     : The Toolbox Configuration can't be found In ServletContext , thus try to locate in classpath[/templates/velocity/toolbox.xml], result : found !
2021-05-10 21:55:43.016  INFO 9400 --- [           main] c.a.b.v.t.StandardVelocityToolsScanner   : StandardVelocityToolsScanner scanned 20 velocity tools [[VelocityTool{toolInfo=org.apache.velocity.tools.ToolInfo@4c82b5df, scope='application'}, VelocityTool{toolInfo=org.apache.velocity.tools.ToolInfo@67eec8e1, scope='application'}, VelocityTool{toolInfo=org.apache.velocity.tools.ToolInfo@4214ae8f, scope='request'}, VelocityTool{toolInfo=org.apache.velocity.tools.ToolInfo@7ba93755, scope='application'}, VelocityTool{toolInfo=org.apache.velocity.tools.ToolInfo@22dc59b2, scope='request'}, VelocityTool{toolInfo=org.apache.velocity.tools.ToolInfo@33e434c8, scope='application'}, VelocityTool{toolInfo=org.apache.velocity.tools.ToolInfo@546394ed, scope='request'}, VelocityTool{toolInfo=org.apache.velocity.tools.ToolInfo@664212ab, scope='request'}, VelocityTool{toolInfo=org.apache.velocity.tools.ToolInfo@2693c618, scope='application'}, VelocityTool{toolInfo=org.apache.velocity.tools.ToolInfo@3443e476, scope='application'}, VelocityTool{toolInfo=org.apache.velocity.tools.ToolInfo@7ccfdaef, scope='application'}, VelocityTool{toolInfo=org.apache.velocity.tools.ToolInfo@a6e4897, scope='request'}, VelocityTool{toolInfo=org.apache.velocity.tools.ToolInfo@32f5ecc4, scope='application'}, VelocityTool{toolInfo=org.apache.velocity.tools.ToolInfo@19bedeb8, scope='request'}, VelocityTool{toolInfo=org.apache.velocity.tools.ToolInfo@1ba467c2, scope='request'}, VelocityTool{toolInfo=org.apache.velocity.tools.ToolInfo@63f6bed1, scope='application'}, VelocityTool{toolInfo=org.apache.velocity.tools.ToolInfo@7ef8eda7, scope='application'}, VelocityTool{toolInfo=org.apache.velocity.tools.ToolInfo@115ca7de, scope='application'}, VelocityTool{toolInfo=org.apache.velocity.tools.ToolInfo@29fe4840, scope='application'}, VelocityTool{toolInfo=org.apache.velocity.tools.ToolInfo@7f287b98, scope='request'}]] from sources[[/templates/velocity/toolbox.xml]]
2021-05-10 21:55:43.928  INFO 9400 --- [           main] org.rythmengine.RythmEngine              : joda time class not found. Formatter to joda time not registered
2021-05-10 21:55:44.237  INFO 9400 --- [           main] httl                                     : Using slf4j logger for httl., httl: 1.0.11, jvm: 16.0.1, os: Windows 10 10.0 amd64
2021-05-10 21:55:44.341  INFO 9400 --- [           main] httl                                     : Load httl template from RELOADABLE directory D:/Projects/spring-comparing-template-engines/target/classes/templates/httl by ClasspathLoader., httl: 1.0.11, jvm: 16.0.1, os: Windows 10 10.0 amd64
2021-05-10 21:55:46.086  INFO 9400 --- [           main] httl                                     : Preload 1 templates from directory /templates/httl/ with suffix [.httl], httl: 1.0.11, jvm: 16.0.1, os: Windows 10 10.0 amd64
2021-05-10 21:55:46.086  INFO 9400 --- [           main] httl                                     : Load httl config form D:\Projects\spring-comparing-template-engines\src\main\webapp\WEB-INF\httl.properties in webapp., httl: 1.0.11, jvm: 16.0.1, os: Windows 10 10.0 amd64
2021-05-10 21:55:46.595  WARN 9400 --- [           main] o.f.scalate.util.ClassPathBuilder        : Cannot introspect on class loader: jdk.internal.loader.ClassLoaders$AppClassLoader@73d16e93 of type jdk.internal.loader.ClassLoaders.AppClassLoader
2021-05-10 21:55:46.595  WARN 9400 --- [           main] o.f.scalate.util.ClassPathBuilder        : Cannot introspect on class loader: jdk.internal.loader.ClassLoaders$PlatformClassLoader@21bd20ee of type jdk.internal.loader.ClassLoaders.PlatformClassLoader
2021-05-10 21:55:46.595  WARN 9400 --- [           main] o.f.scalate.util.ClassPathBuilder        : Cannot introspect on class loader: jdk.internal.loader.ClassLoaders$AppClassLoader@73d16e93 of type jdk.internal.loader.ClassLoaders.AppClassLoader
2021-05-10 21:55:46.595  WARN 9400 --- [           main] o.f.scalate.util.ClassPathBuilder        : Cannot introspect on class loader: jdk.internal.loader.ClassLoaders$PlatformClassLoader@21bd20ee of type jdk.internal.loader.ClassLoaders.PlatformClassLoader
2021-05-10 21:55:46.595  WARN 9400 --- [           main] o.f.scalate.util.ClassPathBuilder        : Cannot introspect on class loader: jdk.internal.loader.ClassLoaders$AppClassLoader@73d16e93 of type jdk.internal.loader.ClassLoaders.AppClassLoader
2021-05-10 21:55:46.595  WARN 9400 --- [           main] o.f.scalate.util.ClassPathBuilder        : Cannot introspect on class loader: jdk.internal.loader.ClassLoaders$PlatformClassLoader@21bd20ee of type jdk.internal.loader.ClassLoaders.PlatformClassLoader
2021-05-10 21:55:46.713  WARN 9400 --- [           main] o.f.scalate.util.ClassPathBuilder        : Cannot introspect on class loader: jdk.internal.loader.ClassLoaders$AppClassLoader@73d16e93 of type jdk.internal.loader.ClassLoaders.AppClassLoader
2021-05-10 21:55:46.713  WARN 9400 --- [           main] o.f.scalate.util.ClassPathBuilder        : Cannot introspect on class loader: jdk.internal.loader.ClassLoaders$PlatformClassLoader@21bd20ee of type jdk.internal.loader.ClassLoaders.PlatformClassLoader
2021-05-10 21:55:46.730  INFO 9400 --- [           main] o.f.s.servlet.ServletTemplateEngine      : Scalate template engine using working directory: C:\Users\ozkan\AppData\Local\Temp\scalate-16579698234151406448-workdir
2021-05-10 21:55:46.735  INFO 9400 --- [           main] org.fusesource.scalate.TemplateEngine    : No bootstrap class scalate.Boot found on classloader: jdk.internal.loader.ClassLoaders$AppClassLoader@73d16e93
2021-05-10 21:55:46.778  INFO 9400 --- [           main] org.trimou.engine.MustacheEngineBuilder  : Engine built 2.5.1.Final (2020-08-12)
2021-05-10 21:55:46.846  INFO 9400 --- [           main] s.b.w.s.v.v.EmbeddedVelocityViewResolver : Using EmbeddedVelocityToolboxView instead of default VelocityView due to specified toolboxConfigLocation
2021-05-10 21:55:46.948  INFO 9400 --- [           main] o.j.spring.boot.JtwigAutoConfiguration   : Jtwig View Resolver configurer provided, applying custom configuration
2021-05-10 21:55:47.080  INFO 9400 --- [           main] o.jtwig.environment.EnvironmentFactory   : Jtwig base configuration extended with:
2021-05-10 21:55:47.080  INFO 9400 --- [           main] o.jtwig.environment.EnvironmentFactory   : - SpringTranslateExtension
2021-05-10 21:55:47.114  INFO 9400 --- [           main] o.jtwig.environment.EnvironmentFactory   : Jtwig pre-loading resources
2021-05-10 21:55:47.122  INFO 9400 --- [           main] o.j.spring.boot.JtwigAutoConfiguration   : Jtwig View Resolver bean added to the context
WARNING: An illegal reflective access operation has occurred
WARNING: Illegal reflective access by org.codehaus.groovy.reflection.CachedClass (file:/C:/Users/ozkan/.m2/repository/org/codehaus/groovy/groovy/2.5.14/groovy-2.5.14.jar) to method java.lang.reflect.AnnotatedElement.lambda$getDeclaredAnnotationsByType$0(java.lang.annotation.Annotation,java.lang.annotation.Annotation)
WARNING: Please consider reporting this to the maintainers of org.codehaus.groovy.reflection.CachedClass
WARNING: Use --illegal-access=warn to enable warnings of further illegal reflective access operations
WARNING: All illegal access operations will be denied in a future release
2021-05-10 21:55:47.695  WARN 9400 --- [           main] ConfigServletWebServerApplicationContext : Exception encountered during context initialization - cancelling refresh attempt: org.springframework.context.ApplicationContextException: Failed to start bean 'webServerStartStop'; nested exception is org.springframework.boot.web.server.PortInUseException: Port 8080 is already in use
2021-05-10 21:55:47.696  INFO 9400 --- [           main] org.rythmengine.RythmEngine              : Shutting down Rythm Engine: [re-wvD]
2021-05-10 21:55:47.701  INFO 9400 --- [           main] o.apache.catalina.core.StandardService   : Stopping service [Tomcat]
2021-05-10 21:55:47.714  INFO 9400 --- [           main] ConditionEvaluationReportLoggingListener : 

Error starting ApplicationContext. To display the conditions report re-run your application with 'debug' enabled.
2021-05-10 21:55:47.732 ERROR 9400 --- [           main] o.s.b.d.LoggingFailureAnalysisReporter   : 

***************************
APPLICATION FAILED TO START
***************************

Description:

Web server failed to start. Port 8080 was already in use.

Action:

Identify and stop the process that's listening on port 8080 or configure this application to listen on another port.

[INFO] ------------------------------------------------------------------------
[INFO] BUILD FAILURE
[INFO] ------------------------------------------------------------------------
[INFO] Total time:  33.962 s
[INFO] Finished at: 2021-05-10T21:55:47+01:00
[INFO] ------------------------------------------------------------------------
[ERROR] Failed to execute goal org.springframework.boot:spring-boot-maven-plugin:2.4.5:run (default-cli) on project spring-comparing-template-engines: Application finished with exit code: 1 -> [Help 1]
[ERROR] 
[ERROR] To see the full stack trace of the errors, re-run Maven with the -e switch.
[ERROR] Re-run Maven using the -X switch to enable full debug logging.
[ERROR] 
[ERROR] For more information about the errors and possible solutions, please read the following articles:
[ERROR] [Help 1] http://cwiki.apache.org/confluence/display/MAVEN/MojoExecutionException
